{"uuid":"cb994ebf-6aee-4099-9ed6-e57c9d51495b","historyId":"36a9eb2eb3420f0aeffbd7651d47fff","fullName":"src/test/resources/features/makaleler.feature:29","labels":[{"name":"tag","value":"smokeinstructorlogin"},{"name":"host","value":"Cengizs-MBP"},{"name":"thread","value":"17618@Cengizs-MBP.main(1)"},{"name":"feature","value":"Admin / Instructor Paneli Makaleler Sayfasi"},{"name":"story","value":"Kullanici makale düzenle butonuna tıklar"},{"name":"suite","value":"Admin / Instructor Paneli Makaleler Sayfasi"},{"name":"testClass","value":"Kullanici makale düzenle butonuna tıklar"},{"name":"framework","value":"cucumber4jvm"},{"name":"language","value":"java"},{"name":"gherkin_uri","value":"file:///Users/cengizcicek/IdeaProjects/walkeduStaj1/src/test/resources/features/makaleler.feature"},{"name":"package","value":"src.test.resources.features.makaleler_feature.Admin / Instructor Paneli Makaleler Sayfasi"}],"links":[],"name":"Kullanici makale düzenle butonuna tıklar","status":"broken","statusDetails":{"known":false,"muted":false,"flaky":false,"message":"no such element: Unable to locate element: {\"method\":\"xpath\",\"selector\":\"//div[starts-with(@id, 'radix-') and contains(@id, '-content-Makaleler')]//table/tbody/tr[1]/td[6]/button\"}\n  (Session info: chrome=136.0.7103.93)\nFor documentation on this error, please visit: https://www.selenium.dev/documentation/webdriver/troubleshooting/errors#no-such-element-exception\nBuild info: version: '4.18.1', revision: 'b1d3319b48'\nSystem info: os.name: 'Mac OS X', os.arch: 'x86_64', os.version: '13.2.1', java.version: '17.0.12'\nDriver info: org.openqa.selenium.chrome.ChromeDriver\nCommand: [eb5e94ce5ed13e18862383e48a0ebb41, findElement {value=//div[starts-with(@id, 'radix-') and contains(@id, '-content-Makaleler')]//table/tbody/tr[1]/td[6]/button, using=xpath}]\nCapabilities {acceptInsecureCerts: false, browserName: chrome, browserVersion: 136.0.7103.93, chrome: {chromedriverVersion: 136.0.7103.94 (fa0be0b33deb..., userDataDir: /var/folders/28/48tzr5kx25n...}, fedcm:accounts: true, goog:chromeOptions: {debuggerAddress: localhost:51061}, networkConnectionEnabled: false, pageLoadStrategy: normal, platformName: mac, proxy: Proxy(), se:cdp: ws://localhost:51061/devtoo..., se:cdpVersion: 136.0.7103.93, setWindowRect: true, strictFileInteractability: false, timeouts: {implicit: 0, pageLoad: 300000, script: 30000}, unhandledPromptBehavior: dismiss and notify, webauthn:extension:credBlob: true, webauthn:extension:largeBlob: true, webauthn:extension:minPinLength: true, webauthn:extension:prf: true, webauthn:virtualAuthenticators: true}\nSession ID: eb5e94ce5ed13e18862383e48a0ebb41","trace":"org.openqa.selenium.NoSuchElementException: no such element: Unable to locate element: {\"method\":\"xpath\",\"selector\":\"//div[starts-with(@id, 'radix-') and contains(@id, '-content-Makaleler')]//table/tbody/tr[1]/td[6]/button\"}\n  (Session info: chrome=136.0.7103.93)\nFor documentation on this error, please visit: https://www.selenium.dev/documentation/webdriver/troubleshooting/errors#no-such-element-exception\nBuild info: version: '4.18.1', revision: 'b1d3319b48'\nSystem info: os.name: 'Mac OS X', os.arch: 'x86_64', os.version: '13.2.1', java.version: '17.0.12'\nDriver info: org.openqa.selenium.chrome.ChromeDriver\nCommand: [eb5e94ce5ed13e18862383e48a0ebb41, findElement {value=//div[starts-with(@id, 'radix-') and contains(@id, '-content-Makaleler')]//table/tbody/tr[1]/td[6]/button, using=xpath}]\nCapabilities {acceptInsecureCerts: false, browserName: chrome, browserVersion: 136.0.7103.93, chrome: {chromedriverVersion: 136.0.7103.94 (fa0be0b33deb..., userDataDir: /var/folders/28/48tzr5kx25n...}, fedcm:accounts: true, goog:chromeOptions: {debuggerAddress: localhost:51061}, networkConnectionEnabled: false, pageLoadStrategy: normal, platformName: mac, proxy: Proxy(), se:cdp: ws://localhost:51061/devtoo..., se:cdpVersion: 136.0.7103.93, setWindowRect: true, strictFileInteractability: false, timeouts: {implicit: 0, pageLoad: 300000, script: 30000}, unhandledPromptBehavior: dismiss and notify, webauthn:extension:credBlob: true, webauthn:extension:largeBlob: true, webauthn:extension:minPinLength: true, webauthn:extension:prf: true, webauthn:virtualAuthenticators: true}\nSession ID: eb5e94ce5ed13e18862383e48a0ebb41\n\tat java.base/jdk.internal.reflect.NativeConstructorAccessorImpl.newInstance0(Native Method)\n\tat java.base/jdk.internal.reflect.NativeConstructorAccessorImpl.newInstance(NativeConstructorAccessorImpl.java:77)\n\tat java.base/jdk.internal.reflect.DelegatingConstructorAccessorImpl.newInstance(DelegatingConstructorAccessorImpl.java:45)\n\tat java.base/java.lang.reflect.Constructor.newInstanceWithCaller(Constructor.java:500)\n\tat java.base/java.lang.reflect.Constructor.newInstance(Constructor.java:481)\n\tat org.openqa.selenium.remote.ErrorCodec.decode(ErrorCodec.java:167)\n\tat org.openqa.selenium.remote.codec.w3c.W3CHttpResponseCodec.decode(W3CHttpResponseCodec.java:138)\n\tat org.openqa.selenium.remote.codec.w3c.W3CHttpResponseCodec.decode(W3CHttpResponseCodec.java:50)\n\tat org.openqa.selenium.remote.HttpCommandExecutor.execute(HttpCommandExecutor.java:190)\n\tat org.openqa.selenium.remote.service.DriverCommandExecutor.invokeExecute(DriverCommandExecutor.java:216)\n\tat org.openqa.selenium.remote.service.DriverCommandExecutor.execute(DriverCommandExecutor.java:174)\n\tat org.openqa.selenium.remote.RemoteWebDriver.execute(RemoteWebDriver.java:519)\n\tat org.openqa.selenium.remote.ElementLocation$ElementFinder$2.findElement(ElementLocation.java:165)\n\tat org.openqa.selenium.remote.ElementLocation.findElement(ElementLocation.java:59)\n\tat org.openqa.selenium.remote.RemoteWebDriver.findElement(RemoteWebDriver.java:356)\n\tat org.openqa.selenium.remote.RemoteWebDriver.findElement(RemoteWebDriver.java:350)\n\tat pages.BasePage.clickWithJS(BasePage.java:188)\n\tat pages.MakalelerPage.clickMakaleDuzenle(MakalelerPage.java:129)\n\tat steps.MakalelerSteps.kullaniciSectigiMakaleninDüzenleButonunaTıklar(MakalelerSteps.java:70)\n\tat ✽.Kullanici sectigi makalenin Düzenle butonuna tıklar(file:///Users/cengizcicek/IdeaProjects/walkeduStaj1/src/test/resources/features/makaleler.feature:30)\n"},"stage":"finished","description":"  Kullanici olarak\n  Walkedu sitesinde hesabım butonunun üzerine gelerek\n  ilgili sayfalara ulaşmak istiyorum.","steps":[{"name":"Given  Kullanici Login Sayfasina gider.","status":"passed","statusDetails":{"known":false,"muted":false,"flaky":false},"stage":"finished","steps":[],"attachments":[],"parameters":[],"start":1747291652942,"stop":1747291653665},{"name":"And  intructor admin login formunu doldurur","status":"passed","statusDetails":{"known":false,"muted":false,"flaky":false},"stage":"finished","steps":[],"attachments":[],"parameters":[],"start":1747291653666,"stop":1747291654029},{"name":"When  Kullanici Login Sayfasinda Giris Yap butonuna tiklar.","status":"passed","statusDetails":{"known":false,"muted":false,"flaky":false},"stage":"finished","steps":[],"attachments":[],"parameters":[],"start":1747291654030,"stop":1747291654052},{"name":"Then  Kullanici Hesabim butonuna tıklar.","status":"passed","statusDetails":{"known":false,"muted":false,"flaky":false},"stage":"finished","steps":[],"attachments":[],"parameters":[],"start":1747291654053,"stop":1747291654499},{"name":"When  Kullanici Makaleler seçeneğine tıklar","status":"passed","statusDetails":{"known":false,"muted":false,"flaky":false},"stage":"finished","steps":[],"attachments":[],"parameters":[],"start":1747291654499,"stop":1747291654526},{"name":"When  Kullanici sectigi makalenin Düzenle butonuna tıklar","status":"broken","statusDetails":{"known":false,"muted":false,"flaky":false,"message":"no such element: Unable to locate element: {\"method\":\"xpath\",\"selector\":\"//div[starts-with(@id, 'radix-') and contains(@id, '-content-Makaleler')]//table/tbody/tr[1]/td[6]/button\"}\n  (Session info: chrome=136.0.7103.93)\nFor documentation on this error, please visit: https://www.selenium.dev/documentation/webdriver/troubleshooting/errors#no-such-element-exception\nBuild info: version: '4.18.1', revision: 'b1d3319b48'\nSystem info: os.name: 'Mac OS X', os.arch: 'x86_64', os.version: '13.2.1', java.version: '17.0.12'\nDriver info: org.openqa.selenium.chrome.ChromeDriver\nCommand: [eb5e94ce5ed13e18862383e48a0ebb41, findElement {value=//div[starts-with(@id, 'radix-') and contains(@id, '-content-Makaleler')]//table/tbody/tr[1]/td[6]/button, using=xpath}]\nCapabilities {acceptInsecureCerts: false, browserName: chrome, browserVersion: 136.0.7103.93, chrome: {chromedriverVersion: 136.0.7103.94 (fa0be0b33deb..., userDataDir: /var/folders/28/48tzr5kx25n...}, fedcm:accounts: true, goog:chromeOptions: {debuggerAddress: localhost:51061}, networkConnectionEnabled: false, pageLoadStrategy: normal, platformName: mac, proxy: Proxy(), se:cdp: ws://localhost:51061/devtoo..., se:cdpVersion: 136.0.7103.93, setWindowRect: true, strictFileInteractability: false, timeouts: {implicit: 0, pageLoad: 300000, script: 30000}, unhandledPromptBehavior: dismiss and notify, webauthn:extension:credBlob: true, webauthn:extension:largeBlob: true, webauthn:extension:minPinLength: true, webauthn:extension:prf: true, webauthn:virtualAuthenticators: true}\nSession ID: eb5e94ce5ed13e18862383e48a0ebb41","trace":"org.openqa.selenium.NoSuchElementException: no such element: Unable to locate element: {\"method\":\"xpath\",\"selector\":\"//div[starts-with(@id, 'radix-') and contains(@id, '-content-Makaleler')]//table/tbody/tr[1]/td[6]/button\"}\n  (Session info: chrome=136.0.7103.93)\nFor documentation on this error, please visit: https://www.selenium.dev/documentation/webdriver/troubleshooting/errors#no-such-element-exception\nBuild info: version: '4.18.1', revision: 'b1d3319b48'\nSystem info: os.name: 'Mac OS X', os.arch: 'x86_64', os.version: '13.2.1', java.version: '17.0.12'\nDriver info: org.openqa.selenium.chrome.ChromeDriver\nCommand: [eb5e94ce5ed13e18862383e48a0ebb41, findElement {value=//div[starts-with(@id, 'radix-') and contains(@id, '-content-Makaleler')]//table/tbody/tr[1]/td[6]/button, using=xpath}]\nCapabilities {acceptInsecureCerts: false, browserName: chrome, browserVersion: 136.0.7103.93, chrome: {chromedriverVersion: 136.0.7103.94 (fa0be0b33deb..., userDataDir: /var/folders/28/48tzr5kx25n...}, fedcm:accounts: true, goog:chromeOptions: {debuggerAddress: localhost:51061}, networkConnectionEnabled: false, pageLoadStrategy: normal, platformName: mac, proxy: Proxy(), se:cdp: ws://localhost:51061/devtoo..., se:cdpVersion: 136.0.7103.93, setWindowRect: true, strictFileInteractability: false, timeouts: {implicit: 0, pageLoad: 300000, script: 30000}, unhandledPromptBehavior: dismiss and notify, webauthn:extension:credBlob: true, webauthn:extension:largeBlob: true, webauthn:extension:minPinLength: true, webauthn:extension:prf: true, webauthn:virtualAuthenticators: true}\nSession ID: eb5e94ce5ed13e18862383e48a0ebb41\n\tat java.base/jdk.internal.reflect.NativeConstructorAccessorImpl.newInstance0(Native Method)\n\tat java.base/jdk.internal.reflect.NativeConstructorAccessorImpl.newInstance(NativeConstructorAccessorImpl.java:77)\n\tat java.base/jdk.internal.reflect.DelegatingConstructorAccessorImpl.newInstance(DelegatingConstructorAccessorImpl.java:45)\n\tat java.base/java.lang.reflect.Constructor.newInstanceWithCaller(Constructor.java:500)\n\tat java.base/java.lang.reflect.Constructor.newInstance(Constructor.java:481)\n\tat org.openqa.selenium.remote.ErrorCodec.decode(ErrorCodec.java:167)\n\tat org.openqa.selenium.remote.codec.w3c.W3CHttpResponseCodec.decode(W3CHttpResponseCodec.java:138)\n\tat org.openqa.selenium.remote.codec.w3c.W3CHttpResponseCodec.decode(W3CHttpResponseCodec.java:50)\n\tat org.openqa.selenium.remote.HttpCommandExecutor.execute(HttpCommandExecutor.java:190)\n\tat org.openqa.selenium.remote.service.DriverCommandExecutor.invokeExecute(DriverCommandExecutor.java:216)\n\tat org.openqa.selenium.remote.service.DriverCommandExecutor.execute(DriverCommandExecutor.java:174)\n\tat org.openqa.selenium.remote.RemoteWebDriver.execute(RemoteWebDriver.java:519)\n\tat org.openqa.selenium.remote.ElementLocation$ElementFinder$2.findElement(ElementLocation.java:165)\n\tat org.openqa.selenium.remote.ElementLocation.findElement(ElementLocation.java:59)\n\tat org.openqa.selenium.remote.RemoteWebDriver.findElement(RemoteWebDriver.java:356)\n\tat org.openqa.selenium.remote.RemoteWebDriver.findElement(RemoteWebDriver.java:350)\n\tat pages.BasePage.clickWithJS(BasePage.java:188)\n\tat pages.MakalelerPage.clickMakaleDuzenle(MakalelerPage.java:129)\n\tat steps.MakalelerSteps.kullaniciSectigiMakaleninDüzenleButonunaTıklar(MakalelerSteps.java:70)\n\tat ✽.Kullanici sectigi makalenin Düzenle butonuna tıklar(file:///Users/cengizcicek/IdeaProjects/walkeduStaj1/src/test/resources/features/makaleler.feature:30)\n"},"stage":"finished","steps":[],"attachments":[],"parameters":[],"start":1747291654526,"stop":1747291664576},{"name":"Then  Kullanici makale düzenleme sayfasına gider","status":"skipped","statusDetails":{"known":false,"muted":false,"flaky":false},"stage":"finished","steps":[],"attachments":[],"parameters":[],"start":1747291664578,"stop":1747291664578}],"attachments":[],"parameters":[],"start":1747291651347,"stop":1747291665057}