{"uuid":"e4fcbc15-68a9-43dc-8500-3c85c8507077","historyId":"e2acfc0d26ea1b934cb624cc2082d4db","testCaseId":"[engine:junit-vintage]/[runner:runner.SmokeTestRunner]/[test:rO0ABXNyAClpby5jdWN1bWJlci5qdW5pdC5GZWF0dXJlUnVubmVyJEZlYXR1cmVJZAAAAAAAAAABAgABTAADdXJpdAAOTGphdmEvbmV0L1VSSTt4cHNyAAxqYXZhLm5ldC5VUkmsAXguQ55JqwMAAUwABnN0cmluZ3QAEkxqYXZhL2xhbmcvU3RyaW5nO3hwdABeZmlsZTovLy9DOi9qYXZhZGVtb3MvcHJvamVsZXIvd2Fsa2VkdVN0YWoxL3NyYy90ZXN0L3Jlc291cmNlcy9mZWF0dXJlcy9zbW9rZUluc3RydWN0b3IuZmVhdHVyZXg=]/[test:rO0ABXNyAChpby5jdWN1bWJlci5qdW5pdC5QaWNrbGVSdW5uZXJzJFBpY2tsZUlkAAAAAAAAAAECAAJJAApwaWNrbGVMaW5lTAADdXJpdAAOTGphdmEvbmV0L1VSSTt4cAAAABhzcgAMamF2YS5uZXQuVVJJrAF4LkOeSasDAAFMAAZzdHJpbmd0ABJMamF2YS9sYW5nL1N0cmluZzt4cHQAXmZpbGU6Ly8vQzovamF2YWRlbW9zL3Byb2plbGVyL3dhbGtlZHVTdGFqMS9zcmMvdGVzdC9yZXNvdXJjZXMvZmVhdHVyZXMvc21va2VJbnN0cnVjdG9yLmZlYXR1cmV4]","testCaseName":"Geçersiz şifre ile giriş denemesinde hata mesajının gösterilmesi #1","labels":[{"name":"junit.platform.uniqueid","value":"[engine:junit-vintage]/[runner:runner.SmokeTestRunner]/[test:rO0ABXNyAClpby5jdWN1bWJlci5qdW5pdC5GZWF0dXJlUnVubmVyJEZlYXR1cmVJZAAAAAAAAAABAgABTAADdXJpdAAOTGphdmEvbmV0L1VSSTt4cHNyAAxqYXZhLm5ldC5VUkmsAXguQ55JqwMAAUwABnN0cmluZ3QAEkxqYXZhL2xhbmcvU3RyaW5nO3hwdABeZmlsZTovLy9DOi9qYXZhZGVtb3MvcHJvamVsZXIvd2Fsa2VkdVN0YWoxL3NyYy90ZXN0L3Jlc291cmNlcy9mZWF0dXJlcy9zbW9rZUluc3RydWN0b3IuZmVhdHVyZXg=]/[test:rO0ABXNyAChpby5jdWN1bWJlci5qdW5pdC5QaWNrbGVSdW5uZXJzJFBpY2tsZUlkAAAAAAAAAAECAAJJAApwaWNrbGVMaW5lTAADdXJpdAAOTGphdmEvbmV0L1VSSTt4cAAAABhzcgAMamF2YS5uZXQuVVJJrAF4LkOeSasDAAFMAAZzdHJpbmd0ABJMamF2YS9sYW5nL1N0cmluZzt4cHQAXmZpbGU6Ly8vQzovamF2YWRlbW9zL3Byb2plbGVyL3dhbGtlZHVTdGFqMS9zcmMvdGVzdC9yZXNvdXJjZXMvZmVhdHVyZXMvc21va2VJbnN0cnVjdG9yLmZlYXR1cmV4]"},{"name":"host","value":"DESKTOP-BBK3ULL"},{"name":"thread","value":"10528@DESKTOP-BBK3ULL.main(1)"},{"name":"framework","value":"junit-platform"},{"name":"language","value":"java"}],"links":[],"name":"Geçersiz şifre ile giriş denemesinde hata mesajının gösterilmesi #1","status":"failed","statusDetails":{"known":false,"muted":false,"flaky":false,"message":"Multiple Failures (2 failures)\r\n\tjava.lang.NullPointerException: Cannot invoke \"Object.equals(Object)\" because the return value of \"org.openqa.selenium.JavascriptExecutor.executeScript(String, Object[])\" is null\r\n\torg.openqa.selenium.NoSuchWindowException: no such window: target window already closed\nfrom unknown error: web view not found\n  (Session info: chrome=136.0.7103.93)\nBuild info: version: '4.18.1', revision: 'b1d3319b48'\nSystem info: os.name: 'Windows 10', os.arch: 'amd64', os.version: '10.0', java.version: '17.0.4'\nDriver info: org.openqa.selenium.chrome.ChromeDriver\nCommand: [f94d612b104ae6fc5a3f5dcca8bbf5b8, screenshot {}]\nCapabilities {acceptInsecureCerts: false, browserName: chrome, browserVersion: 136.0.7103.93, chrome: {chromedriverVersion: 136.0.7103.92 (cb81a4cc5087..., userDataDir: C:\\Users\\Win10\\AppData\\Loca...}, fedcm:accounts: true, goog:chromeOptions: {debuggerAddress: localhost:61457}, networkConnectionEnabled: false, pageLoadStrategy: normal, platformName: windows, proxy: Proxy(), se:cdp: ws://localhost:61457/devtoo..., se:cdpVersion: 136.0.7103.93, setWindowRect: true, strictFileInteractability: false, timeouts: {implicit: 0, pageLoad: 300000, script: 30000}, unhandledPromptBehavior: dismiss and notify, webauthn:extension:credBlob: true, webauthn:extension:largeBlob: true, webauthn:extension:minPinLength: true, webauthn:extension:prf: true, webauthn:virtualAuthenticators: true}\nSession ID: f94d612b104ae6fc5a3f5dcca8bbf5b8","trace":"org.opentest4j.MultipleFailuresError: Multiple Failures (2 failures)\r\n\tjava.lang.NullPointerException: Cannot invoke \"Object.equals(Object)\" because the return value of \"org.openqa.selenium.JavascriptExecutor.executeScript(String, Object[])\" is null\r\n\torg.openqa.selenium.NoSuchWindowException: no such window: target window already closed\nfrom unknown error: web view not found\n  (Session info: chrome=136.0.7103.93)\nBuild info: version: '4.18.1', revision: 'b1d3319b48'\nSystem info: os.name: 'Windows 10', os.arch: 'amd64', os.version: '10.0', java.version: '17.0.4'\nDriver info: org.openqa.selenium.chrome.ChromeDriver\nCommand: [f94d612b104ae6fc5a3f5dcca8bbf5b8, screenshot {}]\nCapabilities {acceptInsecureCerts: false, browserName: chrome, browserVersion: 136.0.7103.93, chrome: {chromedriverVersion: 136.0.7103.92 (cb81a4cc5087..., userDataDir: C:\\Users\\Win10\\AppData\\Loca...}, fedcm:accounts: true, goog:chromeOptions: {debuggerAddress: localhost:61457}, networkConnectionEnabled: false, pageLoadStrategy: normal, platformName: windows, proxy: Proxy(), se:cdp: ws://localhost:61457/devtoo..., se:cdpVersion: 136.0.7103.93, setWindowRect: true, strictFileInteractability: false, timeouts: {implicit: 0, pageLoad: 300000, script: 30000}, unhandledPromptBehavior: dismiss and notify, webauthn:extension:credBlob: true, webauthn:extension:largeBlob: true, webauthn:extension:minPinLength: true, webauthn:extension:prf: true, webauthn:virtualAuthenticators: true}\nSession ID: f94d612b104ae6fc5a3f5dcca8bbf5b8\r\n\tat org.junit.vintage.engine.execution.TestRun.getStoredResultOrSuccessful(TestRun.java:200)\r\n\tat org.junit.vintage.engine.execution.RunListenerAdapter.fireExecutionFinished(RunListenerAdapter.java:263)\r\n\tat org.junit.vintage.engine.execution.RunListenerAdapter.testFinished(RunListenerAdapter.java:229)\r\n\tat org.junit.vintage.engine.execution.RunListenerAdapter.testFinished(RunListenerAdapter.java:91)\r\n\tat org.junit.runner.notification.SynchronizedRunListener.testFinished(SynchronizedRunListener.java:87)\r\n\tat org.junit.runner.notification.RunNotifier$9.notifyListener(RunNotifier.java:225)\r\n\tat org.junit.runner.notification.RunNotifier$SafeNotifier.run(RunNotifier.java:72)\r\n\tat org.junit.runner.notification.RunNotifier.fireTestFinished(RunNotifier.java:222)\r\n\tat io.cucumber.junit.FeatureRunner.runChild(FeatureRunner.java:150)\r\n\tat io.cucumber.junit.FeatureRunner.runChild(FeatureRunner.java:28)\r\n\tat org.junit.runners.ParentRunner$4.run(ParentRunner.java:331)\r\n\tat org.junit.runners.ParentRunner$1.schedule(ParentRunner.java:79)\r\n\tat org.junit.runners.ParentRunner.runChildren(ParentRunner.java:329)\r\n\tat org.junit.runners.ParentRunner.access$100(ParentRunner.java:66)\r\n\tat org.junit.runners.ParentRunner$2.evaluate(ParentRunner.java:293)\r\n\tat org.junit.runners.ParentRunner$3.evaluate(ParentRunner.java:306)\r\n\tat org.junit.runners.ParentRunner.run(ParentRunner.java:413)\r\n\tat io.cucumber.junit.FeatureRunner.run(FeatureRunner.java:137)\r\n\tat io.cucumber.junit.Cucumber.runChild(Cucumber.java:196)\r\n\tat io.cucumber.junit.Cucumber.runChild(Cucumber.java:89)\r\n\tat org.junit.runners.ParentRunner$4.run(ParentRunner.java:331)\r\n\tat org.junit.runners.ParentRunner$1.schedule(ParentRunner.java:79)\r\n\tat org.junit.runners.ParentRunner.runChildren(ParentRunner.java:329)\r\n\tat org.junit.runners.ParentRunner.access$100(ParentRunner.java:66)\r\n\tat org.junit.runners.ParentRunner$2.evaluate(ParentRunner.java:293)\r\n\tat io.cucumber.core.runtime.CucumberExecutionContext.lambda$runFeatures$6(CucumberExecutionContext.java:148)\r\n\tat io.cucumber.core.runtime.CucumberExecutionContext.execute(CucumberExecutionContext.java:163)\r\n\tat io.cucumber.core.runtime.CucumberExecutionContext.runFeatures(CucumberExecutionContext.java:146)\r\n\tat io.cucumber.junit.Cucumber$StartAndFinishTestRun.evaluate(Cucumber.java:226)\r\n\tat org.junit.runners.ParentRunner$3.evaluate(ParentRunner.java:306)\r\n\tat org.junit.runners.ParentRunner.run(ParentRunner.java:413)\r\n\tat org.junit.runner.JUnitCore.run(JUnitCore.java:137)\r\n\tat org.junit.runner.JUnitCore.run(JUnitCore.java:115)\r\n\tat org.junit.vintage.engine.execution.RunnerExecutor.execute(RunnerExecutor.java:42)\r\n\tat org.junit.vintage.engine.VintageTestEngine.executeAllChildren(VintageTestEngine.java:80)\r\n\tat org.junit.vintage.engine.VintageTestEngine.execute(VintageTestEngine.java:72)\r\n\tat org.junit.platform.launcher.core.EngineExecutionOrchestrator.execute(EngineExecutionOrchestrator.java:107)\r\n\tat org.junit.platform.launcher.core.EngineExecutionOrchestrator.execute(EngineExecutionOrchestrator.java:88)\r\n\tat org.junit.platform.launcher.core.EngineExecutionOrchestrator.lambda$execute$0(EngineExecutionOrchestrator.java:54)\r\n\tat org.junit.platform.launcher.core.EngineExecutionOrchestrator.withInterceptedStreams(EngineExecutionOrchestrator.java:67)\r\n\tat org.junit.platform.launcher.core.EngineExecutionOrchestrator.execute(EngineExecutionOrchestrator.java:52)\r\n\tat org.junit.platform.launcher.core.DefaultLauncher.execute(DefaultLauncher.java:114)\r\n\tat org.junit.platform.launcher.core.DefaultLauncher.execute(DefaultLauncher.java:86)\r\n\tat org.junit.platform.launcher.core.DefaultLauncherSession$DelegatingLauncher.execute(DefaultLauncherSession.java:86)\r\n\tat org.apache.maven.surefire.junitplatform.LazyLauncher.execute(LazyLauncher.java:56)\r\n\tat org.apache.maven.surefire.junitplatform.JUnitPlatformProvider.execute(JUnitPlatformProvider.java:184)\r\n\tat org.apache.maven.surefire.junitplatform.JUnitPlatformProvider.invokeAllTests(JUnitPlatformProvider.java:148)\r\n\tat org.apache.maven.surefire.junitplatform.JUnitPlatformProvider.invoke(JUnitPlatformProvider.java:122)\r\n\tat org.apache.maven.surefire.booter.ForkedBooter.runSuitesInProcess(ForkedBooter.java:385)\r\n\tat org.apache.maven.surefire.booter.ForkedBooter.execute(ForkedBooter.java:162)\r\n\tat org.apache.maven.surefire.booter.ForkedBooter.run(ForkedBooter.java:507)\r\n\tat org.apache.maven.surefire.booter.ForkedBooter.main(ForkedBooter.java:495)\r\n\tSuppressed: java.lang.NullPointerException: Cannot invoke \"Object.equals(Object)\" because the return value of \"org.openqa.selenium.JavascriptExecutor.executeScript(String, Object[])\" is null\r\n\t\tat pages.BasePage.lambda$waitForPageLoad$0(BasePage.java:143)\r\n\t\tat org.openqa.selenium.support.ui.FluentWait.until(FluentWait.java:203)\r\n\t\tat pages.BasePage.waitForPageLoad(BasePage.java:142)\r\n\t\tat pages.SmokeInstructorPage.navigateToPage(SmokeInstructorPage.java:26)\r\n\t\tat steps.SmokeInstructorSteps.kullanıcıAnaSayfayaGider(SmokeInstructorSteps.java:13)\r\n\t\tat ✽.Kullanıcı Ana Sayfaya giderSerife(file:///C:/javademos/projeler/walkeduStaj1/src/test/resources/features/smokeInstructor.feature:5)\r\n\tSuppressed: org.openqa.selenium.NoSuchWindowException: no such window: target window already closed\nfrom unknown error: web view not found\n  (Session info: chrome=136.0.7103.93)\nBuild info: version: '4.18.1', revision: 'b1d3319b48'\nSystem info: os.name: 'Windows 10', os.arch: 'amd64', os.version: '10.0', java.version: '17.0.4'\nDriver info: org.openqa.selenium.chrome.ChromeDriver\nCommand: [f94d612b104ae6fc5a3f5dcca8bbf5b8, screenshot {}]\nCapabilities {acceptInsecureCerts: false, browserName: chrome, browserVersion: 136.0.7103.93, chrome: {chromedriverVersion: 136.0.7103.92 (cb81a4cc5087..., userDataDir: C:\\Users\\Win10\\AppData\\Loca...}, fedcm:accounts: true, goog:chromeOptions: {debuggerAddress: localhost:61457}, networkConnectionEnabled: false, pageLoadStrategy: normal, platformName: windows, proxy: Proxy(), se:cdp: ws://localhost:61457/devtoo..., se:cdpVersion: 136.0.7103.93, setWindowRect: true, strictFileInteractability: false, timeouts: {implicit: 0, pageLoad: 300000, script: 30000}, unhandledPromptBehavior: dismiss and notify, webauthn:extension:credBlob: true, webauthn:extension:largeBlob: true, webauthn:extension:minPinLength: true, webauthn:extension:prf: true, webauthn:virtualAuthenticators: true}\nSession ID: f94d612b104ae6fc5a3f5dcca8bbf5b8\r\n\t\tat java.base/jdk.internal.reflect.NativeConstructorAccessorImpl.newInstance0(Native Method)\r\n\t\tat java.base/jdk.internal.reflect.NativeConstructorAccessorImpl.newInstance(NativeConstructorAccessorImpl.java:77)\r\n\t\tat java.base/jdk.internal.reflect.DelegatingConstructorAccessorImpl.newInstance(DelegatingConstructorAccessorImpl.java:45)\r\n\t\tat java.base/java.lang.reflect.Constructor.newInstanceWithCaller(Constructor.java:499)\r\n\t\tat java.base/java.lang.reflect.Constructor.newInstance(Constructor.java:480)\r\n\t\tat org.openqa.selenium.remote.ErrorCodec.decode(ErrorCodec.java:167)\r\n\t\tat org.openqa.selenium.remote.codec.w3c.W3CHttpResponseCodec.decode(W3CHttpResponseCodec.java:138)\r\n\t\tat org.openqa.selenium.remote.codec.w3c.W3CHttpResponseCodec.decode(W3CHttpResponseCodec.java:50)\r\n\t\tat org.openqa.selenium.remote.HttpCommandExecutor.execute(HttpCommandExecutor.java:190)\r\n\t\tat org.openqa.selenium.remote.service.DriverCommandExecutor.invokeExecute(DriverCommandExecutor.java:216)\r\n\t\tat org.openqa.selenium.remote.service.DriverCommandExecutor.execute(DriverCommandExecutor.java:174)\r\n\t\tat org.openqa.selenium.remote.RemoteWebDriver.execute(RemoteWebDriver.java:519)\r\n\t\tat org.openqa.selenium.remote.RemoteWebDriver.execute(RemoteWebDriver.java:592)\r\n\t\tat org.openqa.selenium.remote.RemoteWebDriver.execute(RemoteWebDriver.java:596)\r\n\t\tat org.openqa.selenium.remote.RemoteWebDriver.getScreenshotAs(RemoteWebDriver.java:322)\r\n\t\tat steps.Hooks.takeScreenshot(Hooks.java:41)\r\n\t\tat steps.Hooks.tearDown(Hooks.java:31)\r\n"},"stage":"finished","description":"","steps":[],"attachments":[],"parameters":[],"start":1747077395486,"stop":1747077400609}